### Starting TaskPrologue of job 2219194 on a0129 at Tue Dec  3 15:35:19 CET 2024
Running on cores 16-31 with governor ondemand
Tue Dec  3 15:35:19 2024       
+-----------------------------------------------------------------------------------------+
| NVIDIA-SMI 560.35.03              Driver Version: 560.35.03      CUDA Version: 12.6     |
|-----------------------------------------+------------------------+----------------------+
| GPU  Name                 Persistence-M | Bus-Id          Disp.A | Volatile Uncorr. ECC |
| Fan  Temp   Perf          Pwr:Usage/Cap |           Memory-Usage | GPU-Util  Compute M. |
|                                         |                        |               MIG M. |
|=========================================+========================+======================|
|   0  NVIDIA A40                     On  |   00000000:25:00.0 Off |                  Off |
|  0%   33C    P8             21W /  300W |       1MiB /  49140MiB |      0%      Default |
|                                         |                        |                  N/A |
+-----------------------------------------+------------------------+----------------------+
                                                                                         
+-----------------------------------------------------------------------------------------+
| Processes:                                                                              |
|  GPU   GI   CI        PID   Type   Process name                              GPU Memory |
|        ID   ID                                                               Usage      |
|=========================================================================================|
|  No running processes found                                                             |
+-----------------------------------------------------------------------------------------+
### Finished TaskPrologue

Dataset: cifar10
Effective batch-size is 128 * 1 = 128.
Files already downloaded and verified
Checkpoint will be saved to /home/hpc/b110dc/b110dc16/ATML/ddpm-torch/chkpts/ddim/cifar10/cifar10.pt every 120 epoch(s)
Generated images (x64) will be saved to /home/hpc/b110dc/b110dc16/ATML/ddpm-torch/images/train/cifar10 every 10 epoch(s)
cuDNN benchmark: ON
Training starts...
=== JOB_STATISTICS ===
=== current date     : Wed Dec  4 15:35:42 CET 2024
= Job-ID             : 2219194 on alex
= Job-Name           : ddim
= Job-Command        : /home/hpc/b110dc/b110dc16/ATML/ddpm-torch/sbatch_train.sh
= Initial workdir    : /home/hpc/b110dc/b110dc16/ATML/ddpm-torch
= Queue/Partition    : a40
= Slurm account      : b110dc with QOS=normal
= Requested resources:  for 1-00:00:00
= Elapsed runtime    : 1-00:00:20
= Total RAM usage    : 1.6 GiB of assigned  GiB (%)
= Node list          : a0129
= Subm/Elig/Start/End: 2024-12-03T15:35:18 / 2024-12-03T15:35:18 / 2024-12-03T15:35:19 / 2024-12-04T15:35:39
======================
=== Quota infos ======
    Path              Used     SoftQ    HardQ    Gracetime  Filec    FileQ    FiHaQ    FileGrace    
    /home/hpc           75.9G   104.9G   209.7G        N/A     175K     500K   1,000K        N/A    
    /home/vault          0.0K  1048.6G  2097.2G        N/A       1      200K     400K        N/A    
======================
=== GPU utilization ==
gpu_name, gpu_bus_id, pid, gpu_utilization [%], mem_utilization [%], max_memory_usage [MiB], time [ms]
NVIDIA A40, 00000000:25:00.0, 1572224, 98 %, 80 %, 15512 MiB, 86415215 ms
